Command line invocation:
    /Applications/Xcode.app/Contents/Developer/usr/bin/xcodebuild -project easyshortcut.xcodeproj -scheme easyshortcut -configuration Debug clean build

--- xcodebuild: WARNING: Using the first of multiple matching destinations:
{ platform:macOS, arch:arm64, id:00008132-001664DA2EC1801C, name:My Mac }
{ platform:macOS, arch:x86_64, id:00008132-001664DA2EC1801C, name:My Mac }
{ platform:macOS, name:Any Mac }
CreateBuildRequest

SendProjectDescription

CreateBuildOperation

** CLEAN SUCCEEDED **

--- xcodebuild: WARNING: Using the first of multiple matching destinations:
{ platform:macOS, arch:arm64, id:00008132-001664DA2EC1801C, name:My Mac }
{ platform:macOS, arch:x86_64, id:00008132-001664DA2EC1801C, name:My Mac }
{ platform:macOS, name:Any Mac }
ComputePackagePrebuildTargetDependencyGraph

Prepare packages

CreateBuildRequest

SendProjectDescription

CreateBuildOperation

ComputeTargetDependencyGraph
note: Building targets in dependency order
note: Target dependency graph (1 target)
    Target 'easyshortcut' in project 'easyshortcut' (no dependencies)

GatherProvisioningInputs

CreateBuildDescription

ExecuteExternalTool /Applications/Xcode.app/Contents/Developer/Toolchains/XcodeDefault.xctoolchain/usr/bin/clang -v -E -dM -isysroot /Applications/Xcode.app/Contents/Developer/Platforms/MacOSX.platform/Developer/SDKs/MacOSX26.1.sdk -x c -c /dev/null

ExecuteExternalTool /Applications/Xcode.app/Contents/Developer/usr/bin/actool --version --output-format xml1

ExecuteExternalTool /Applications/Xcode.app/Contents/Developer/Toolchains/XcodeDefault.xctoolchain/usr/bin/swiftc --version

ExecuteExternalTool /Applications/Xcode.app/Contents/Developer/Toolchains/XcodeDefault.xctoolchain/usr/bin/ld -version_details

Build description signature: a81bedfc5b6331d732581b72227fdc36
Build description path: /Users/lucas/Library/Developer/Xcode/DerivedData/easyshortcut-fsksottlflufgpbbiekdbxizljox/Build/Intermediates.noindex/XCBuildData/a81bedfc5b6331d732581b72227fdc36.xcbuilddata
ClangStatCache /Applications/Xcode.app/Contents/Developer/Toolchains/XcodeDefault.xctoolchain/usr/bin/clang-stat-cache /Applications/Xcode.app/Contents/Developer/Platforms/MacOSX.platform/Developer/SDKs/MacOSX26.1.sdk /Users/lucas/Library/Developer/Xcode/DerivedData/SDKStatCaches.noindex/macosx26.1-25B74-3ae1261907bdadc328169391a47051a6.sdkstatcache
    cd /Users/lucas/Documents/GitHub/easyshortcut/easyshortcut.xcodeproj
    /Applications/Xcode.app/Contents/Developer/Toolchains/XcodeDefault.xctoolchain/usr/bin/clang-stat-cache /Applications/Xcode.app/Contents/Developer/Platforms/MacOSX.platform/Developer/SDKs/MacOSX26.1.sdk -o /Users/lucas/Library/Developer/Xcode/DerivedData/SDKStatCaches.noindex/macosx26.1-25B74-3ae1261907bdadc328169391a47051a6.sdkstatcache

CreateBuildDirectory /Users/lucas/Library/Developer/Xcode/DerivedData/easyshortcut-fsksottlflufgpbbiekdbxizljox/Build/Products
    cd /Users/lucas/Documents/GitHub/easyshortcut/easyshortcut.xcodeproj
    builtin-create-build-directory /Users/lucas/Library/Developer/Xcode/DerivedData/easyshortcut-fsksottlflufgpbbiekdbxizljox/Build/Products

CreateBuildDirectory /Users/lucas/Library/Developer/Xcode/DerivedData/easyshortcut-fsksottlflufgpbbiekdbxizljox/Build/Intermediates.noindex
    cd /Users/lucas/Documents/GitHub/easyshortcut/easyshortcut.xcodeproj
    builtin-create-build-directory /Users/lucas/Library/Developer/Xcode/DerivedData/easyshortcut-fsksottlflufgpbbiekdbxizljox/Build/Intermediates.noindex

CreateBuildDirectory /Users/lucas/Library/Developer/Xcode/DerivedData/easyshortcut-fsksottlflufgpbbiekdbxizljox/Build/Intermediates.noindex/SwiftExplicitPrecompiledModules
    cd /Users/lucas/Documents/GitHub/easyshortcut/easyshortcut.xcodeproj
    builtin-create-build-directory /Users/lucas/Library/Developer/Xcode/DerivedData/easyshortcut-fsksottlflufgpbbiekdbxizljox/Build/Intermediates.noindex/SwiftExplicitPrecompiledModules

CreateBuildDirectory /Users/lucas/Library/Developer/Xcode/DerivedData/easyshortcut-fsksottlflufgpbbiekdbxizljox/Build/Intermediates.noindex/ExplicitPrecompiledModules
    cd /Users/lucas/Documents/GitHub/easyshortcut/easyshortcut.xcodeproj
    builtin-create-build-directory /Users/lucas/Library/Developer/Xcode/DerivedData/easyshortcut-fsksottlflufgpbbiekdbxizljox/Build/Intermediates.noindex/ExplicitPrecompiledModules

CreateBuildDirectory /Users/lucas/Library/Developer/Xcode/DerivedData/easyshortcut-fsksottlflufgpbbiekdbxizljox/Build/Intermediates.noindex/EagerLinkingTBDs/Debug
    cd /Users/lucas/Documents/GitHub/easyshortcut/easyshortcut.xcodeproj
    builtin-create-build-directory /Users/lucas/Library/Developer/Xcode/DerivedData/easyshortcut-fsksottlflufgpbbiekdbxizljox/Build/Intermediates.noindex/EagerLinkingTBDs/Debug

CreateBuildDirectory /Users/lucas/Library/Developer/Xcode/DerivedData/easyshortcut-fsksottlflufgpbbiekdbxizljox/Build/Products/Debug
    cd /Users/lucas/Documents/GitHub/easyshortcut/easyshortcut.xcodeproj
    builtin-create-build-directory /Users/lucas/Library/Developer/Xcode/DerivedData/easyshortcut-fsksottlflufgpbbiekdbxizljox/Build/Products/Debug

WriteAuxiliaryFile /Users/lucas/Library/Developer/Xcode/DerivedData/easyshortcut-fsksottlflufgpbbiekdbxizljox/Build/Intermediates.noindex/easyshortcut.build/Debug/easyshortcut-d7f7fc869017b6b3cbc5a75dbfdea63d-VFS/all-product-headers.yaml
    cd /Users/lucas/Documents/GitHub/easyshortcut/easyshortcut.xcodeproj
    write-file /Users/lucas/Library/Developer/Xcode/DerivedData/easyshortcut-fsksottlflufgpbbiekdbxizljox/Build/Intermediates.noindex/easyshortcut.build/Debug/easyshortcut-d7f7fc869017b6b3cbc5a75dbfdea63d-VFS/all-product-headers.yaml

WriteAuxiliaryFile /Users/lucas/Library/Developer/Xcode/DerivedData/easyshortcut-fsksottlflufgpbbiekdbxizljox/Build/Intermediates.noindex/easyshortcut.build/Debug/easyshortcut.build/easyshortcut-generated-files.hmap (in target 'easyshortcut' from project 'easyshortcut')
    cd /Users/lucas/Documents/GitHub/easyshortcut
    write-file /Users/lucas/Library/Developer/Xcode/DerivedData/easyshortcut-fsksottlflufgpbbiekdbxizljox/Build/Intermediates.noindex/easyshortcut.build/Debug/easyshortcut.build/easyshortcut-generated-files.hmap

WriteAuxiliaryFile /Users/lucas/Library/Developer/Xcode/DerivedData/easyshortcut-fsksottlflufgpbbiekdbxizljox/Build/Intermediates.noindex/easyshortcut.build/Debug/easyshortcut.build/easyshortcut.DependencyStaticMetadataFileList (in target 'easyshortcut' from project 'easyshortcut')
    cd /Users/lucas/Documents/GitHub/easyshortcut
    write-file /Users/lucas/Library/Developer/Xcode/DerivedData/easyshortcut-fsksottlflufgpbbiekdbxizljox/Build/Intermediates.noindex/easyshortcut.build/Debug/easyshortcut.build/easyshortcut.DependencyStaticMetadataFileList

WriteAuxiliaryFile /Users/lucas/Library/Developer/Xcode/DerivedData/easyshortcut-fsksottlflufgpbbiekdbxizljox/Build/Intermediates.noindex/easyshortcut.build/Debug/easyshortcut.build/easyshortcut-project-headers.hmap (in target 'easyshortcut' from project 'easyshortcut')
    cd /Users/lucas/Documents/GitHub/easyshortcut
    write-file /Users/lucas/Library/Developer/Xcode/DerivedData/easyshortcut-fsksottlflufgpbbiekdbxizljox/Build/Intermediates.noindex/easyshortcut.build/Debug/easyshortcut.build/easyshortcut-project-headers.hmap

WriteAuxiliaryFile /Users/lucas/Library/Developer/Xcode/DerivedData/easyshortcut-fsksottlflufgpbbiekdbxizljox/Build/Intermediates.noindex/easyshortcut.build/Debug/easyshortcut.build/easyshortcut-all-target-headers.hmap (in target 'easyshortcut' from project 'easyshortcut')
    cd /Users/lucas/Documents/GitHub/easyshortcut
    write-file /Users/lucas/Library/Developer/Xcode/DerivedData/easyshortcut-fsksottlflufgpbbiekdbxizljox/Build/Intermediates.noindex/easyshortcut.build/Debug/easyshortcut.build/easyshortcut-all-target-headers.hmap

WriteAuxiliaryFile /Users/lucas/Library/Developer/Xcode/DerivedData/easyshortcut-fsksottlflufgpbbiekdbxizljox/Build/Intermediates.noindex/easyshortcut.build/Debug/easyshortcut.build/easyshortcut.DependencyMetadataFileList (in target 'easyshortcut' from project 'easyshortcut')
    cd /Users/lucas/Documents/GitHub/easyshortcut
    write-file /Users/lucas/Library/Developer/Xcode/DerivedData/easyshortcut-fsksottlflufgpbbiekdbxizljox/Build/Intermediates.noindex/easyshortcut.build/Debug/easyshortcut.build/easyshortcut.DependencyMetadataFileList

WriteAuxiliaryFile /Users/lucas/Library/Developer/Xcode/DerivedData/easyshortcut-fsksottlflufgpbbiekdbxizljox/Build/Intermediates.noindex/easyshortcut.build/Debug/easyshortcut.build/easyshortcut-own-target-headers.hmap (in target 'easyshortcut' from project 'easyshortcut')
    cd /Users/lucas/Documents/GitHub/easyshortcut
    write-file /Users/lucas/Library/Developer/Xcode/DerivedData/easyshortcut-fsksottlflufgpbbiekdbxizljox/Build/Intermediates.noindex/easyshortcut.build/Debug/easyshortcut.build/easyshortcut-own-target-headers.hmap

WriteAuxiliaryFile /Users/lucas/Library/Developer/Xcode/DerivedData/easyshortcut-fsksottlflufgpbbiekdbxizljox/Build/Intermediates.noindex/easyshortcut.build/Debug/easyshortcut.build/easyshortcut.hmap (in target 'easyshortcut' from project 'easyshortcut')
    cd /Users/lucas/Documents/GitHub/easyshortcut
    write-file /Users/lucas/Library/Developer/Xcode/DerivedData/easyshortcut-fsksottlflufgpbbiekdbxizljox/Build/Intermediates.noindex/easyshortcut.build/Debug/easyshortcut.build/easyshortcut.hmap

WriteAuxiliaryFile /Users/lucas/Library/Developer/Xcode/DerivedData/easyshortcut-fsksottlflufgpbbiekdbxizljox/Build/Intermediates.noindex/easyshortcut.build/Debug/easyshortcut.build/easyshortcut-all-non-framework-target-headers.hmap (in target 'easyshortcut' from project 'easyshortcut')
    cd /Users/lucas/Documents/GitHub/easyshortcut
    write-file /Users/lucas/Library/Developer/Xcode/DerivedData/easyshortcut-fsksottlflufgpbbiekdbxizljox/Build/Intermediates.noindex/easyshortcut.build/Debug/easyshortcut.build/easyshortcut-all-non-framework-target-headers.hmap

WriteAuxiliaryFile /Users/lucas/Library/Developer/Xcode/DerivedData/easyshortcut-fsksottlflufgpbbiekdbxizljox/Build/Intermediates.noindex/easyshortcut.build/Debug/easyshortcut.build/easyshortcut-DebugDylibPath-normal-arm64.txt (in target 'easyshortcut' from project 'easyshortcut')
    cd /Users/lucas/Documents/GitHub/easyshortcut
    write-file /Users/lucas/Library/Developer/Xcode/DerivedData/easyshortcut-fsksottlflufgpbbiekdbxizljox/Build/Intermediates.noindex/easyshortcut.build/Debug/easyshortcut.build/easyshortcut-DebugDylibPath-normal-arm64.txt

WriteAuxiliaryFile /Users/lucas/Library/Developer/Xcode/DerivedData/easyshortcut-fsksottlflufgpbbiekdbxizljox/Build/Intermediates.noindex/easyshortcut.build/Debug/easyshortcut.build/easyshortcut-DebugDylibInstallName-normal-arm64.txt (in target 'easyshortcut' from project 'easyshortcut')
    cd /Users/lucas/Documents/GitHub/easyshortcut
    write-file /Users/lucas/Library/Developer/Xcode/DerivedData/easyshortcut-fsksottlflufgpbbiekdbxizljox/Build/Intermediates.noindex/easyshortcut.build/Debug/easyshortcut.build/easyshortcut-DebugDylibInstallName-normal-arm64.txt

WriteAuxiliaryFile /Users/lucas/Library/Developer/Xcode/DerivedData/easyshortcut-fsksottlflufgpbbiekdbxizljox/Build/Intermediates.noindex/easyshortcut.build/Debug/easyshortcut.build/Objects-normal/arm64/easyshortcut_const_extract_protocols.json (in target 'easyshortcut' from project 'easyshortcut')
    cd /Users/lucas/Documents/GitHub/easyshortcut
    write-file /Users/lucas/Library/Developer/Xcode/DerivedData/easyshortcut-fsksottlflufgpbbiekdbxizljox/Build/Intermediates.noindex/easyshortcut.build/Debug/easyshortcut.build/Objects-normal/arm64/easyshortcut_const_extract_protocols.json

WriteAuxiliaryFile /Users/lucas/Library/Developer/Xcode/DerivedData/easyshortcut-fsksottlflufgpbbiekdbxizljox/Build/Intermediates.noindex/easyshortcut.build/Debug/easyshortcut.build/Objects-normal/arm64/easyshortcut.SwiftFileList (in target 'easyshortcut' from project 'easyshortcut')
    cd /Users/lucas/Documents/GitHub/easyshortcut
    write-file /Users/lucas/Library/Developer/Xcode/DerivedData/easyshortcut-fsksottlflufgpbbiekdbxizljox/Build/Intermediates.noindex/easyshortcut.build/Debug/easyshortcut.build/Objects-normal/arm64/easyshortcut.SwiftFileList

WriteAuxiliaryFile /Users/lucas/Library/Developer/Xcode/DerivedData/easyshortcut-fsksottlflufgpbbiekdbxizljox/Build/Intermediates.noindex/easyshortcut.build/Debug/easyshortcut.build/Objects-normal/arm64/easyshortcut.SwiftConstValuesFileList (in target 'easyshortcut' from project 'easyshortcut')
    cd /Users/lucas/Documents/GitHub/easyshortcut
    write-file /Users/lucas/Library/Developer/Xcode/DerivedData/easyshortcut-fsksottlflufgpbbiekdbxizljox/Build/Intermediates.noindex/easyshortcut.build/Debug/easyshortcut.build/Objects-normal/arm64/easyshortcut.SwiftConstValuesFileList

WriteAuxiliaryFile /Users/lucas/Library/Developer/Xcode/DerivedData/easyshortcut-fsksottlflufgpbbiekdbxizljox/Build/Intermediates.noindex/easyshortcut.build/Debug/easyshortcut.build/Objects-normal/arm64/easyshortcut.LinkFileList (in target 'easyshortcut' from project 'easyshortcut')
    cd /Users/lucas/Documents/GitHub/easyshortcut
    write-file /Users/lucas/Library/Developer/Xcode/DerivedData/easyshortcut-fsksottlflufgpbbiekdbxizljox/Build/Intermediates.noindex/easyshortcut.build/Debug/easyshortcut.build/Objects-normal/arm64/easyshortcut.LinkFileList

WriteAuxiliaryFile /Users/lucas/Library/Developer/Xcode/DerivedData/easyshortcut-fsksottlflufgpbbiekdbxizljox/Build/Intermediates.noindex/easyshortcut.build/Debug/easyshortcut.build/Objects-normal/arm64/easyshortcut-OutputFileMap.json (in target 'easyshortcut' from project 'easyshortcut')
    cd /Users/lucas/Documents/GitHub/easyshortcut
    write-file /Users/lucas/Library/Developer/Xcode/DerivedData/easyshortcut-fsksottlflufgpbbiekdbxizljox/Build/Intermediates.noindex/easyshortcut.build/Debug/easyshortcut.build/Objects-normal/arm64/easyshortcut-OutputFileMap.json

WriteAuxiliaryFile /Users/lucas/Library/Developer/Xcode/DerivedData/easyshortcut-fsksottlflufgpbbiekdbxizljox/Build/Intermediates.noindex/easyshortcut.build/Debug/easyshortcut.build/DerivedSources/Entitlements.plist (in target 'easyshortcut' from project 'easyshortcut')
    cd /Users/lucas/Documents/GitHub/easyshortcut
    write-file /Users/lucas/Library/Developer/Xcode/DerivedData/easyshortcut-fsksottlflufgpbbiekdbxizljox/Build/Intermediates.noindex/easyshortcut.build/Debug/easyshortcut.build/DerivedSources/Entitlements.plist

MkDir /Users/lucas/Library/Developer/Xcode/DerivedData/easyshortcut-fsksottlflufgpbbiekdbxizljox/Build/Products/Debug/easyshortcut.app/Contents/MacOS (in target 'easyshortcut' from project 'easyshortcut')
    cd /Users/lucas/Documents/GitHub/easyshortcut
    /bin/mkdir -p /Users/lucas/Library/Developer/Xcode/DerivedData/easyshortcut-fsksottlflufgpbbiekdbxizljox/Build/Products/Debug/easyshortcut.app/Contents/MacOS

MkDir /Users/lucas/Library/Developer/Xcode/DerivedData/easyshortcut-fsksottlflufgpbbiekdbxizljox/Build/Products/Debug/easyshortcut.app/Contents/Resources (in target 'easyshortcut' from project 'easyshortcut')
    cd /Users/lucas/Documents/GitHub/easyshortcut
    /bin/mkdir -p /Users/lucas/Library/Developer/Xcode/DerivedData/easyshortcut-fsksottlflufgpbbiekdbxizljox/Build/Products/Debug/easyshortcut.app/Contents/Resources

MkDir /Users/lucas/Library/Developer/Xcode/DerivedData/easyshortcut-fsksottlflufgpbbiekdbxizljox/Build/Products/Debug/easyshortcut.app/Contents (in target 'easyshortcut' from project 'easyshortcut')
    cd /Users/lucas/Documents/GitHub/easyshortcut
    /bin/mkdir -p /Users/lucas/Library/Developer/Xcode/DerivedData/easyshortcut-fsksottlflufgpbbiekdbxizljox/Build/Products/Debug/easyshortcut.app/Contents

MkDir /Users/lucas/Library/Developer/Xcode/DerivedData/easyshortcut-fsksottlflufgpbbiekdbxizljox/Build/Products/Debug/easyshortcut.app (in target 'easyshortcut' from project 'easyshortcut')
    cd /Users/lucas/Documents/GitHub/easyshortcut
    /bin/mkdir -p /Users/lucas/Library/Developer/Xcode/DerivedData/easyshortcut-fsksottlflufgpbbiekdbxizljox/Build/Products/Debug/easyshortcut.app

ProcessProductPackaging /Users/lucas/Documents/GitHub/easyshortcut/easyshortcut.entitlements /Users/lucas/Library/Developer/Xcode/DerivedData/easyshortcut-fsksottlflufgpbbiekdbxizljox/Build/Intermediates.noindex/easyshortcut.build/Debug/easyshortcut.build/easyshortcut.app.xcent (in target 'easyshortcut' from project 'easyshortcut')
    cd /Users/lucas/Documents/GitHub/easyshortcut
    
    Entitlements:
    
    {
    "com.apple.security.app-sandbox" = 1;
    "com.apple.security.automation.apple-events" = 1;
    "com.apple.security.get-task-allow" = 1;
}
    
    builtin-productPackagingUtility /Users/lucas/Documents/GitHub/easyshortcut/easyshortcut.entitlements -entitlements -format xml -o /Users/lucas/Library/Developer/Xcode/DerivedData/easyshortcut-fsksottlflufgpbbiekdbxizljox/Build/Intermediates.noindex/easyshortcut.build/Debug/easyshortcut.build/easyshortcut.app.xcent

ProcessProductPackagingDER /Users/lucas/Library/Developer/Xcode/DerivedData/easyshortcut-fsksottlflufgpbbiekdbxizljox/Build/Intermediates.noindex/easyshortcut.build/Debug/easyshortcut.build/easyshortcut.app.xcent /Users/lucas/Library/Developer/Xcode/DerivedData/easyshortcut-fsksottlflufgpbbiekdbxizljox/Build/Intermediates.noindex/easyshortcut.build/Debug/easyshortcut.build/easyshortcut.app.xcent.der (in target 'easyshortcut' from project 'easyshortcut')
    cd /Users/lucas/Documents/GitHub/easyshortcut
    /usr/bin/derq query -f xml -i /Users/lucas/Library/Developer/Xcode/DerivedData/easyshortcut-fsksottlflufgpbbiekdbxizljox/Build/Intermediates.noindex/easyshortcut.build/Debug/easyshortcut.build/easyshortcut.app.xcent -o /Users/lucas/Library/Developer/Xcode/DerivedData/easyshortcut-fsksottlflufgpbbiekdbxizljox/Build/Intermediates.noindex/easyshortcut.build/Debug/easyshortcut.build/easyshortcut.app.xcent.der --raw

Ld /Users/lucas/Library/Developer/Xcode/DerivedData/easyshortcut-fsksottlflufgpbbiekdbxizljox/Build/Products/Debug/easyshortcut.app/Contents/MacOS/__preview.dylib normal (in target 'easyshortcut' from project 'easyshortcut')
    cd /Users/lucas/Documents/GitHub/easyshortcut
    /Applications/Xcode.app/Contents/Developer/Toolchains/XcodeDefault.xctoolchain/usr/bin/clang -Xlinker -reproducible -target arm64-apple-macos14.0 -dynamiclib -isysroot /Applications/Xcode.app/Contents/Developer/Platforms/MacOSX.platform/Developer/SDKs/MacOSX26.1.sdk -O0 -L/Users/lucas/Library/Developer/Xcode/DerivedData/easyshortcut-fsksottlflufgpbbiekdbxizljox/Build/Products/Debug -F/Users/lucas/Library/Developer/Xcode/DerivedData/easyshortcut-fsksottlflufgpbbiekdbxizljox/Build/Products/Debug -install_name @rpath/easyshortcut.debug.dylib -dead_strip -rdynamic -Xlinker -no_deduplicate -Xlinker -dependency_info -Xlinker /Users/lucas/Library/Developer/Xcode/DerivedData/easyshortcut-fsksottlflufgpbbiekdbxizljox/Build/Intermediates.noindex/easyshortcut.build/Debug/easyshortcut.build/Objects-normal/arm64/easyshortcut_dependency_info.dat -Xlinker -no_adhoc_codesign -o /Users/lucas/Library/Developer/Xcode/DerivedData/easyshortcut-fsksottlflufgpbbiekdbxizljox/Build/Products/Debug/easyshortcut.app/Contents/MacOS/__preview.dylib

MkDir /Users/lucas/Library/Developer/Xcode/DerivedData/easyshortcut-fsksottlflufgpbbiekdbxizljox/Build/Intermediates.noindex/easyshortcut.build/Debug/easyshortcut.build/assetcatalog_output/thinned (in target 'easyshortcut' from project 'easyshortcut')
    cd /Users/lucas/Documents/GitHub/easyshortcut
    /bin/mkdir -p /Users/lucas/Library/Developer/Xcode/DerivedData/easyshortcut-fsksottlflufgpbbiekdbxizljox/Build/Intermediates.noindex/easyshortcut.build/Debug/easyshortcut.build/assetcatalog_output/thinned

MkDir /Users/lucas/Library/Developer/Xcode/DerivedData/easyshortcut-fsksottlflufgpbbiekdbxizljox/Build/Intermediates.noindex/easyshortcut.build/Debug/easyshortcut.build/assetcatalog_output/unthinned (in target 'easyshortcut' from project 'easyshortcut')
    cd /Users/lucas/Documents/GitHub/easyshortcut
    /bin/mkdir -p /Users/lucas/Library/Developer/Xcode/DerivedData/easyshortcut-fsksottlflufgpbbiekdbxizljox/Build/Intermediates.noindex/easyshortcut.build/Debug/easyshortcut.build/assetcatalog_output/unthinned

GenerateAssetSymbols /Users/lucas/Documents/GitHub/easyshortcut/Assets.xcassets (in target 'easyshortcut' from project 'easyshortcut')
    cd /Users/lucas/Documents/GitHub/easyshortcut
    /Applications/Xcode.app/Contents/Developer/usr/bin/actool /Users/lucas/Documents/GitHub/easyshortcut/Assets.xcassets --compile /Users/lucas/Library/Developer/Xcode/DerivedData/easyshortcut-fsksottlflufgpbbiekdbxizljox/Build/Products/Debug/easyshortcut.app/Contents/Resources --output-format human-readable-text --notices --warnings --export-dependency-info /Users/lucas/Library/Developer/Xcode/DerivedData/easyshortcut-fsksottlflufgpbbiekdbxizljox/Build/Intermediates.noindex/easyshortcut.build/Debug/easyshortcut.build/assetcatalog_dependencies --output-partial-info-plist /Users/lucas/Library/Developer/Xcode/DerivedData/easyshortcut-fsksottlflufgpbbiekdbxizljox/Build/Intermediates.noindex/easyshortcut.build/Debug/easyshortcut.build/assetcatalog_generated_info.plist --app-icon AppIcon --accent-color AccentColor --enable-on-demand-resources NO --development-region en --target-device mac --minimum-deployment-target 14.0 --platform macosx --bundle-identifier com.easyshortcut.easyshortcut --generate-swift-asset-symbols /Users/lucas/Library/Developer/Xcode/DerivedData/easyshortcut-fsksottlflufgpbbiekdbxizljox/Build/Intermediates.noindex/easyshortcut.build/Debug/easyshortcut.build/DerivedSources/GeneratedAssetSymbols.swift --generate-objc-asset-symbols /Users/lucas/Library/Developer/Xcode/DerivedData/easyshortcut-fsksottlflufgpbbiekdbxizljox/Build/Intermediates.noindex/easyshortcut.build/Debug/easyshortcut.build/DerivedSources/GeneratedAssetSymbols.h --generate-asset-symbol-index /Users/lucas/Library/Developer/Xcode/DerivedData/easyshortcut-fsksottlflufgpbbiekdbxizljox/Build/Intermediates.noindex/easyshortcut.build/Debug/easyshortcut.build/DerivedSources/GeneratedAssetSymbols-Index.plist
/* com.apple.actool.document.warnings */
/Users/lucas/Documents/GitHub/easyshortcut/Assets.xcassets:./StatusIcon.imageset/[mac][][][3x][][][][][][][][][][][2d][StatusIcon@3x.png]: warning: The image set "StatusIcon" has an unassigned child.
/Users/lucas/Documents/GitHub/easyshortcut/Assets.xcassets:./StatusIcon.imageset/[mac][][][3x][][][][][][][][][][][2d][StatusIcon@3x.png]: warning: The image set "StatusIcon" has an unassigned child.
/* com.apple.actool.compilation-results */
/Users/lucas/Library/Developer/Xcode/DerivedData/easyshortcut-fsksottlflufgpbbiekdbxizljox/Build/Intermediates.noindex/easyshortcut.build/Debug/easyshortcut.build/DerivedSources/GeneratedAssetSymbols-Index.plist
/Users/lucas/Library/Developer/Xcode/DerivedData/easyshortcut-fsksottlflufgpbbiekdbxizljox/Build/Intermediates.noindex/easyshortcut.build/Debug/easyshortcut.build/DerivedSources/GeneratedAssetSymbols.h
/Users/lucas/Library/Developer/Xcode/DerivedData/easyshortcut-fsksottlflufgpbbiekdbxizljox/Build/Intermediates.noindex/easyshortcut.build/Debug/easyshortcut.build/DerivedSources/GeneratedAssetSymbols.swift


CompileAssetCatalogVariant thinned /Users/lucas/Library/Developer/Xcode/DerivedData/easyshortcut-fsksottlflufgpbbiekdbxizljox/Build/Products/Debug/easyshortcut.app/Contents/Resources /Users/lucas/Documents/GitHub/easyshortcut/Assets.xcassets (in target 'easyshortcut' from project 'easyshortcut')
    cd /Users/lucas/Documents/GitHub/easyshortcut
    /Applications/Xcode.app/Contents/Developer/usr/bin/actool /Users/lucas/Documents/GitHub/easyshortcut/Assets.xcassets --compile /Users/lucas/Library/Developer/Xcode/DerivedData/easyshortcut-fsksottlflufgpbbiekdbxizljox/Build/Intermediates.noindex/easyshortcut.build/Debug/easyshortcut.build/assetcatalog_output/thinned --output-format human-readable-text --notices --warnings --export-dependency-info /Users/lucas/Library/Developer/Xcode/DerivedData/easyshortcut-fsksottlflufgpbbiekdbxizljox/Build/Intermediates.noindex/easyshortcut.build/Debug/easyshortcut.build/assetcatalog_dependencies_thinned --output-partial-info-plist /Users/lucas/Library/Developer/Xcode/DerivedData/easyshortcut-fsksottlflufgpbbiekdbxizljox/Build/Intermediates.noindex/easyshortcut.build/Debug/easyshortcut.build/assetcatalog_generated_info.plist_thinned --app-icon AppIcon --accent-color AccentColor --enable-on-demand-resources NO --development-region en --target-device mac --minimum-deployment-target 14.0 --platform macosx

SwiftDriver easyshortcut normal arm64 com.apple.xcode.tools.swift.compiler (in target 'easyshortcut' from project 'easyshortcut')
    cd /Users/lucas/Documents/GitHub/easyshortcut
    builtin-SwiftDriver -- /Applications/Xcode.app/Contents/Developer/Toolchains/XcodeDefault.xctoolchain/usr/bin/swiftc -module-name easyshortcut -Onone -enforce-exclusivity\=checked @/Users/lucas/Library/Developer/Xcode/DerivedData/easyshortcut-fsksottlflufgpbbiekdbxizljox/Build/Intermediates.noindex/easyshortcut.build/Debug/easyshortcut.build/Objects-normal/arm64/easyshortcut.SwiftFileList -DDEBUG -enable-upcoming-feature ExistentialAny -enable-experimental-feature DebugDescriptionMacro -sdk /Applications/Xcode.app/Contents/Developer/Platforms/MacOSX.platform/Developer/SDKs/MacOSX26.1.sdk -target arm64-apple-macos14.0 -g -module-cache-path /Users/lucas/Library/Developer/Xcode/DerivedData/ModuleCache.noindex -Xfrontend -serialize-debugging-options -enable-testing -index-store-path /Users/lucas/Library/Developer/Xcode/DerivedData/easyshortcut-fsksottlflufgpbbiekdbxizljox/Index.noindex/DataStore -Xcc -D_LIBCPP_HARDENING_MODE\=_LIBCPP_HARDENING_MODE_DEBUG -swift-version 6 -I /Users/lucas/Library/Developer/Xcode/DerivedData/easyshortcut-fsksottlflufgpbbiekdbxizljox/Build/Products/Debug -F /Users/lucas/Library/Developer/Xcode/DerivedData/easyshortcut-fsksottlflufgpbbiekdbxizljox/Build/Products/Debug -emit-localized-strings -emit-localized-strings-path /Users/lucas/Library/Developer/Xcode/DerivedData/easyshortcut-fsksottlflufgpbbiekdbxizljox/Build/Intermediates.noindex/easyshortcut.build/Debug/easyshortcut.build/Objects-normal/arm64 -c -j10 -enable-batch-mode -incremental -Xcc -ivfsstatcache -Xcc /Users/lucas/Library/Developer/Xcode/DerivedData/SDKStatCaches.noindex/macosx26.1-25B74-3ae1261907bdadc328169391a47051a6.sdkstatcache -output-file-map /Users/lucas/Library/Developer/Xcode/DerivedData/easyshortcut-fsksottlflufgpbbiekdbxizljox/Build/Intermediates.noindex/easyshortcut.build/Debug/easyshortcut.build/Objects-normal/arm64/easyshortcut-OutputFileMap.json -use-frontend-parseable-output -save-temps -no-color-diagnostics -explicit-module-build -module-cache-path /Users/lucas/Library/Developer/Xcode/DerivedData/easyshortcut-fsksottlflufgpbbiekdbxizljox/Build/Intermediates.noindex/SwiftExplicitPrecompiledModules -clang-scanner-module-cache-path /Users/lucas/Library/Developer/Xcode/DerivedData/ModuleCache.noindex -sdk-module-cache-path /Users/lucas/Library/Developer/Xcode/DerivedData/ModuleCache.noindex -serialize-diagnostics -emit-dependencies -emit-module -emit-module-path /Users/lucas/Library/Developer/Xcode/DerivedData/easyshortcut-fsksottlflufgpbbiekdbxizljox/Build/Intermediates.noindex/easyshortcut.build/Debug/easyshortcut.build/Objects-normal/arm64/easyshortcut.swiftmodule -validate-clang-modules-once -clang-build-session-file /Users/lucas/Library/Developer/Xcode/DerivedData/ModuleCache.noindex/Session.modulevalidation -Xcc -I/Users/lucas/Library/Developer/Xcode/DerivedData/easyshortcut-fsksottlflufgpbbiekdbxizljox/Build/Intermediates.noindex/easyshortcut.build/Debug/easyshortcut.build/swift-overrides.hmap -emit-const-values -Xfrontend -const-gather-protocols-file -Xfrontend /Users/lucas/Library/Developer/Xcode/DerivedData/easyshortcut-fsksottlflufgpbbiekdbxizljox/Build/Intermediates.noindex/easyshortcut.build/Debug/easyshortcut.build/Objects-normal/arm64/easyshortcut_const_extract_protocols.json -Xcc -iquote -Xcc /Users/lucas/Library/Developer/Xcode/DerivedData/easyshortcut-fsksottlflufgpbbiekdbxizljox/Build/Intermediates.noindex/easyshortcut.build/Debug/easyshortcut.build/easyshortcut-generated-files.hmap -Xcc -I/Users/lucas/Library/Developer/Xcode/DerivedData/easyshortcut-fsksottlflufgpbbiekdbxizljox/Build/Intermediates.noindex/easyshortcut.build/Debug/easyshortcut.build/easyshortcut-own-target-headers.hmap -Xcc -I/Users/lucas/Library/Developer/Xcode/DerivedData/easyshortcut-fsksottlflufgpbbiekdbxizljox/Build/Intermediates.noindex/easyshortcut.build/Debug/easyshortcut.build/easyshortcut-all-target-headers.hmap -Xcc -iquote -Xcc /Users/lucas/Library/Developer/Xcode/DerivedData/easyshortcut-fsksottlflufgpbbiekdbxizljox/Build/Intermediates.noindex/easyshortcut.build/Debug/easyshortcut.build/easyshortcut-project-headers.hmap -Xcc -I/Users/lucas/Library/Developer/Xcode/DerivedData/easyshortcut-fsksottlflufgpbbiekdbxizljox/Build/Products/Debug/include -Xcc -I/Users/lucas/Library/Developer/Xcode/DerivedData/easyshortcut-fsksottlflufgpbbiekdbxizljox/Build/Intermediates.noindex/easyshortcut.build/Debug/easyshortcut.build/DerivedSources-normal/arm64 -Xcc -I/Users/lucas/Library/Developer/Xcode/DerivedData/easyshortcut-fsksottlflufgpbbiekdbxizljox/Build/Intermediates.noindex/easyshortcut.build/Debug/easyshortcut.build/DerivedSources/arm64 -Xcc -I/Users/lucas/Library/Developer/Xcode/DerivedData/easyshortcut-fsksottlflufgpbbiekdbxizljox/Build/Intermediates.noindex/easyshortcut.build/Debug/easyshortcut.build/DerivedSources -Xcc -DDEBUG\=1 -emit-objc-header -emit-objc-header-path /Users/lucas/Library/Developer/Xcode/DerivedData/easyshortcut-fsksottlflufgpbbiekdbxizljox/Build/Intermediates.noindex/easyshortcut.build/Debug/easyshortcut.build/Objects-normal/arm64/easyshortcut-Swift.h -working-directory /Users/lucas/Documents/GitHub/easyshortcut -experimental-emit-module-separately -disable-cmo

SwiftCompile normal arm64 Compiling\ EasyShortcutApp.swift /Users/lucas/Documents/GitHub/easyshortcut/Sources/EasyShortcutApp.swift (in target 'easyshortcut' from project 'easyshortcut')
SwiftCompile normal arm64 /Users/lucas/Documents/GitHub/easyshortcut/Sources/EasyShortcutApp.swift (in target 'easyshortcut' from project 'easyshortcut')
    cd /Users/lucas/Documents/GitHub/easyshortcut
    

SwiftCompile normal arm64 Compiling\ ShortcutItem.swift /Users/lucas/Documents/GitHub/easyshortcut/Sources/Models/ShortcutItem.swift (in target 'easyshortcut' from project 'easyshortcut')

SwiftCompile normal arm64 /Users/lucas/Documents/GitHub/easyshortcut/Sources/Models/ShortcutItem.swift (in target 'easyshortcut' from project 'easyshortcut')
    cd /Users/lucas/Documents/GitHub/easyshortcut
    

SwiftCompile normal arm64 Compiling\ AppWatcher.swift /Users/lucas/Documents/GitHub/easyshortcut/Sources/Services/AppWatcher.swift (in target 'easyshortcut' from project 'easyshortcut')
SwiftCompile normal arm64 /Users/lucas/Documents/GitHub/easyshortcut/Sources/Services/AppWatcher.swift (in target 'easyshortcut' from project 'easyshortcut')
    cd /Users/lucas/Documents/GitHub/easyshortcut
    

SwiftCompile normal arm64 Compiling\ GeneratedAssetSymbols.swift /Users/lucas/Library/Developer/Xcode/DerivedData/easyshortcut-fsksottlflufgpbbiekdbxizljox/Build/Intermediates.noindex/easyshortcut.build/Debug/easyshortcut.build/DerivedSources/GeneratedAssetSymbols.swift (in target 'easyshortcut' from project 'easyshortcut')
Failed frontend command:
/Applications/Xcode.app/Contents/Developer/Toolchains/XcodeDefault.xctoolchain/usr/bin/swift-frontend -frontend -c /Users/lucas/Documents/GitHub/easyshortcut/Sources/EasyShortcutApp.swift /Users/lucas/Documents/GitHub/easyshortcut/Sources/Views/ContentView.swift /Users/lucas/Documents/GitHub/easyshortcut/Sources/Models/ShortcutItem.swift /Users/lucas/Documents/GitHub/easyshortcut/Sources/Services/AccessibilityReader.swift /Users/lucas/Documents/GitHub/easyshortcut/Sources/Services/AppWatcher.swift /Users/lucas/Documents/GitHub/easyshortcut/Sources/Services/PermissionsManager.swift /Users/lucas/Documents/GitHub/easyshortcut/Sources/Views/OnboardingWindow.swift -primary-file /Users/lucas/Library/Developer/Xcode/DerivedData/easyshortcut-fsksottlflufgpbbiekdbxizljox/Build/Intermediates.noindex/easyshortcut.build/Debug/easyshortcut.build/DerivedSources/GeneratedAssetSymbols.swift -emit-dependencies-path /Users/lucas/Library/Developer/Xcode/DerivedData/easyshortcut-fsksottlflufgpbbiekdbxizljox/Build/Intermediates.noindex/easyshortcut.build/Debug/easyshortcut.build/Objects-normal/arm64/GeneratedAssetSymbols.d -emit-const-values-path /Users/lucas/Library/Developer/Xcode/DerivedData/easyshortcut-fsksottlflufgpbbiekdbxizljox/Build/Intermediates.noindex/easyshortcut.build/Debug/easyshortcut.build/Objects-normal/arm64/GeneratedAssetSymbols.swiftconstvalues -emit-reference-dependencies-path /Users/lucas/Library/Developer/Xcode/DerivedData/easyshortcut-fsksottlflufgpbbiekdbxizljox/Build/Intermediates.noindex/easyshortcut.build/Debug/easyshortcut.build/Objects-normal/arm64/GeneratedAssetSymbols.swiftdeps -serialize-diagnostics-path /Users/lucas/Library/Developer/Xcode/DerivedData/easyshortcut-fsksottlflufgpbbiekdbxizljox/Build/Intermediates.noindex/easyshortcut.build/Debug/easyshortcut.build/Objects-normal/arm64/GeneratedAssetSymbols.dia -emit-localized-strings -emit-localized-strings-path /Users/lucas/Library/Developer/Xcode/DerivedData/easyshortcut-fsksottlflufgpbbiekdbxizljox/Build/Intermediates.noindex/easyshortcut.build/Debug/easyshortcut.build/Objects-normal/arm64 -target arm64-apple-macos14.0 -module-can-import-version AppKit 2685.20.119 2685.20.119 -module-can-import-version DeveloperToolsSupport 23.0.4 23.0.4 -module-can-import-version SwiftUI 7.1.13.1 7.1.13 -load-resolved-plugin /Applications/Xcode.app/Contents/Developer/Platforms/MacOSX.platform/Developer/usr/lib/swift/host/plugins/libFoundationMacros.dylib\#/Applications/Xcode.app/Contents/Developer/Platforms/MacOSX.platform/Developer/usr/bin/swift-plugin-server\#FoundationMacros -load-resolved-plugin /Applications/Xcode.app/Contents/Developer/Platforms/MacOSX.platform/Developer/usr/lib/swift/host/plugins/libObservationMacros.dylib\#/Applications/Xcode.app/Contents/Developer/Platforms/MacOSX.platform/Developer/usr/bin/swift-plugin-server\#ObservationMacros -load-resolved-plugin /Applications/Xcode.app/Contents/Developer/Platforms/MacOSX.platform/Developer/usr/lib/swift/host/plugins/libPreviewsMacros.dylib\#/Applications/Xcode.app/Contents/Developer/Platforms/MacOSX.platform/Developer/usr/bin/swift-plugin-server\#PreviewsMacros -load-resolved-plugin /Applications/Xcode.app/Contents/Developer/Platforms/MacOSX.platform/Developer/usr/lib/swift/host/plugins/libSwiftMacros.dylib\#/Applications/Xcode.app/Contents/Developer/Platforms/MacOSX.platform/Developer/usr/bin/swift-plugin-server\#SwiftMacros -load-resolved-plugin /Applications/Xcode.app/Contents/Developer/Platforms/MacOSX.platform/Developer/usr/lib/swift/host/plugins/libSwiftUIMacros.dylib\#/Applications/Xcode.app/Contents/Developer/Platforms/MacOSX.platform/Developer/usr/bin/swift-plugin-server\#SwiftUIMacros -disable-implicit-swift-modules -Xcc -fno-implicit-modules -Xcc -fno-implicit-module-maps -explicit-swift-module-map-file /Users/lucas/Library/Developer/Xcode/DerivedData/easyshortcut-fsksottlflufgpbbiekdbxizljox/Build/Intermediates.noindex/easyshortcut.build/Debug/easyshortcut.build/Objects-normal/arm64/easyshortcut-dependencies-1.json -Xllvm -aarch64-use-tbi -enable-objc-interop -stack-check -sdk /Applications/Xcode.app/Contents/Developer/Platforms/MacOSX.platform/Developer/SDKs/MacOSX26.1.sdk -I /Users/lucas/Library/Developer/Xcode/DerivedData/easyshortcut-fsksottlflufgpbbiekdbxizljox/Build/Products/Debug -F /Users/lucas/Library/Developer/Xcode/DerivedData/easyshortcut-fsksottlflufgpbbiekdbxizljox/Build/Products/Debug -no-color-diagnostics -Xcc -fno-color-diagnostics -enable-testing -g -debug-info-format\=dwarf -dwarf-version\=4 -module-cache-path /Users/lucas/Library/Developer/Xcode/DerivedData/easyshortcut-fsksottlflufgpbbiekdbxizljox/Build/Intermediates.noindex/SwiftExplicitPrecompiledModules -swift-version 6 -enforce-exclusivity\=checked -Onone -D DEBUG -serialize-debugging-options -const-gather-protocols-file /Users/lucas/Library/Developer/Xcode/DerivedData/easyshortcut-fsksottlflufgpbbiekdbxizljox/Build/Intermediates.noindex/easyshortcut.build/Debug/easyshortcut.build/Objects-normal/arm64/easyshortcut_const_extract_protocols.json -enable-upcoming-feature ExistentialAny -enable-experimental-feature DebugDescriptionMacro -empty-abi-descriptor -validate-clang-modules-once -clang-build-session-file /Users/lucas/Library/Developer/Xcode/DerivedData/ModuleCache.noindex/Session.modulevalidation -Xcc -working-directory -Xcc /Users/lucas/Documents/GitHub/easyshortcut -enable-anonymous-context-mangled-names -file-compilation-dir /Users/lucas/Documents/GitHub/easyshortcut -Xcc -D_LIBCPP_HARDENING_MODE\=_LIBCPP_HARDENING_MODE_DEBUG -Xcc -ivfsstatcache -Xcc /Users/lucas/Library/Developer/Xcode/DerivedData/SDKStatCaches.noindex/macosx26.1-25B74-3ae1261907bdadc328169391a47051a6.sdkstatcache -Xcc -I/Users/lucas/Library/Developer/Xcode/DerivedData/easyshortcut-fsksottlflufgpbbiekdbxizljox/Build/Intermediates.noindex/easyshortcut.build/Debug/easyshortcut.build/swift-overrides.hmap -Xcc -iquote -Xcc /Users/lucas/Library/Developer/Xcode/DerivedData/easyshortcut-fsksottlflufgpbbiekdbxizljox/Build/Intermediates.noindex/easyshortcut.build/Debug/easyshortcut.build/easyshortcut-generated-files.hmap -Xcc -I/Users/lucas/Library/Developer/Xcode/DerivedData/easyshortcut-fsksottlflufgpbbiekdbxizljox/Build/Intermediates.noindex/easyshortcut.build/Debug/easyshortcut.build/easyshortcut-own-target-headers.hmap -Xcc -I/Users/lucas/Library/Developer/Xcode/DerivedData/easyshortcut-fsksottlflufgpbbiekdbxizljox/Build/Intermediates.noindex/easyshortcut.build/Debug/easyshortcut.build/easyshortcut-all-target-headers.hmap -Xcc -iquote -Xcc /Users/lucas/Library/Developer/Xcode/DerivedData/easyshortcut-fsksottlflufgpbbiekdbxizljox/Build/Intermediates.noindex/easyshortcut.build/Debug/easyshortcut.build/easyshortcut-project-headers.hmap -Xcc -I/Users/lucas/Library/Developer/Xcode/DerivedData/easyshortcut-fsksottlflufgpbbiekdbxizljox/Build/Products/Debug/include -Xcc -I/Users/lucas/Library/Developer/Xcode/DerivedData/easyshortcut-fsksottlflufgpbbiekdbxizljox/Build/Intermediates.noindex/easyshortcut.build/Debug/easyshortcut.build/DerivedSources-normal/arm64 -Xcc -I/Users/lucas/Library/Developer/Xcode/DerivedData/easyshortcut-fsksottlflufgpbbiekdbxizljox/Build/Intermediates.noindex/easyshortcut.build/Debug/easyshortcut.build/DerivedSources/arm64 -Xcc -I/Users/lucas/Library/Developer/Xcode/DerivedData/easyshortcut-fsksottlflufgpbbiekdbxizljox/Build/Intermediates.noindex/easyshortcut.build/Debug/easyshortcut.build/DerivedSources -Xcc -DDEBUG\=1 -no-auto-bridging-header-chaining -module-name easyshortcut -frontend-parseable-output -disable-clang-spi -target-sdk-version 26.1 -target-sdk-name macosx26.1 -clang-target arm64-apple-macos26.1 -in-process-plugin-server-path /Applications/Xcode.app/Contents/Developer/Toolchains/XcodeDefault.xctoolchain/usr/lib/swift/host/libSwiftInProcPluginServer.dylib -o /Users/lucas/Library/Developer/Xcode/DerivedData/easyshortcut-fsksottlflufgpbbiekdbxizljox/Build/Intermediates.noindex/easyshortcut.build/Debug/easyshortcut.build/Objects-normal/arm64/GeneratedAssetSymbols.o -index-unit-output-path /easyshortcut.build/Debug/easyshortcut.build/Objects-normal/arm64/GeneratedAssetSymbols.o -index-store-path /Users/lucas/Library/Developer/Xcode/DerivedData/easyshortcut-fsksottlflufgpbbiekdbxizljox/Index.noindex/DataStore -index-system-modules

SwiftCompile normal arm64 /Users/lucas/Library/Developer/Xcode/DerivedData/easyshortcut-fsksottlflufgpbbiekdbxizljox/Build/Intermediates.noindex/easyshortcut.build/Debug/easyshortcut.build/DerivedSources/GeneratedAssetSymbols.swift (in target 'easyshortcut' from project 'easyshortcut')
    cd /Users/lucas/Documents/GitHub/easyshortcut
    
/Users/lucas/Documents/GitHub/easyshortcut/Sources/EasyShortcutApp.swift:8:8: error: ambiguous implicit access level for import of 'SwiftUI'; it is imported as 'internal' elsewhere
import SwiftUI
       ^
internal 
/Users/lucas/Documents/GitHub/easyshortcut/Sources/EasyShortcutApp.swift:8:8: note: silence these warnings by adopting the upcoming feature 'InternalImportsByDefault'
import SwiftUI
       ^
/Users/lucas/Documents/GitHub/easyshortcut/Sources/Views/ContentView.swift:9:1: note: imported 'internal' here
internal import SwiftUI
^

SwiftCompile normal arm64 Compiling\ OnboardingWindow.swift /Users/lucas/Documents/GitHub/easyshortcut/Sources/Views/OnboardingWindow.swift (in target 'easyshortcut' from project 'easyshortcut')

SwiftCompile normal arm64 /Users/lucas/Documents/GitHub/easyshortcut/Sources/Views/OnboardingWindow.swift (in target 'easyshortcut' from project 'easyshortcut')
    cd /Users/lucas/Documents/GitHub/easyshortcut
    

SwiftEmitModule normal arm64 Emitting\ module\ for\ easyshortcut (in target 'easyshortcut' from project 'easyshortcut')
EmitSwiftModule normal arm64 (in target 'easyshortcut' from project 'easyshortcut')
    cd /Users/lucas/Documents/GitHub/easyshortcut
    

SwiftCompile normal arm64 Compiling\ AccessibilityReader.swift /Users/lucas/Documents/GitHub/easyshortcut/Sources/Services/AccessibilityReader.swift (in target 'easyshortcut' from project 'easyshortcut')
SwiftCompile normal arm64 /Users/lucas/Documents/GitHub/easyshortcut/Sources/Services/AccessibilityReader.swift (in target 'easyshortcut' from project 'easyshortcut')
    cd /Users/lucas/Documents/GitHub/easyshortcut
    

SwiftCompile normal arm64 Compiling\ ContentView.swift /Users/lucas/Documents/GitHub/easyshortcut/Sources/Views/ContentView.swift (in target 'easyshortcut' from project 'easyshortcut')

SwiftCompile normal arm64 /Users/lucas/Documents/GitHub/easyshortcut/Sources/Views/ContentView.swift (in target 'easyshortcut' from project 'easyshortcut')
    cd /Users/lucas/Documents/GitHub/easyshortcut
    

SwiftCompile normal arm64 Compiling\ PermissionsManager.swift /Users/lucas/Documents/GitHub/easyshortcut/Sources/Services/PermissionsManager.swift (in target 'easyshortcut' from project 'easyshortcut')

SwiftCompile normal arm64 /Users/lucas/Documents/GitHub/easyshortcut/Sources/Services/PermissionsManager.swift (in target 'easyshortcut' from project 'easyshortcut')
    cd /Users/lucas/Documents/GitHub/easyshortcut
    

note: Disabling hardened runtime with ad-hoc codesigning. (in target 'easyshortcut' from project 'easyshortcut')
** BUILD FAILED **


The following build commands failed:
	SwiftCompile normal arm64 Compiling\ GeneratedAssetSymbols.swift /Users/lucas/Library/Developer/Xcode/DerivedData/easyshortcut-fsksottlflufgpbbiekdbxizljox/Build/Intermediates.noindex/easyshortcut.build/Debug/easyshortcut.build/DerivedSources/GeneratedAssetSymbols.swift (in target 'easyshortcut' from project 'easyshortcut')
	SwiftCompile normal arm64 /Users/lucas/Library/Developer/Xcode/DerivedData/easyshortcut-fsksottlflufgpbbiekdbxizljox/Build/Intermediates.noindex/easyshortcut.build/Debug/easyshortcut.build/DerivedSources/GeneratedAssetSymbols.swift (in target 'easyshortcut' from project 'easyshortcut')
	Building project easyshortcut with scheme easyshortcut and configuration Debug
(3 failures)
